google.blob.core.windows.net
wikipedia.blob.core.windows.net
facebook.blob.core.windows.net
youtube.blob.core.windows.net
force.blob.core.windows.net
asos.blob.core.windows.net
cloudflare.blob.core.windows.net
files.blob.core.windows.net
epicgames.blob.core.windows.net
filesapp.blob.core.windows.net
playground.blob.core.windows.net
khanacademy.blob.core.windows.net
playgroundapp.blob.core.windows.net
mlb.blob.core.windows.net
mlbbackup.blob.core.windows.net
mit.blob.core.windows.net
google.blob.core.windows.net
viva.blob.core.windows.net
wordpress.blob.core.windows.net
blogger.blob.core.windows.net
bilibili.blob.core.windows.net
macys.blob.core.windows.net
wayfair.blob.core.windows.net
fidelity.blob.core.windows.net
zillow.blob.core.windows.net
wpbkp.blob.core.windows.net
google.blob.core.windows.net
shopifyapp.blob.core.windows.net
google.blob.core.windows.net
intel.blob.core.windows.net
pornhub.blob.core.windows.net
costco.blob.core.windows.net
goal.blob.core.windows.net
twitter.blob.core.windows.net
salesforce.blob.core.windows.net
salesforcebkp.blob.core.windows.net
salesforcebackup.blob.core.windows.net
nih.blob.core.windows.net
google.blob.core.windows.net
youth.blob.core.windows.net
drive2.blob.core.windows.net
minecraft.blob.core.windows.net
minecraftbackup.blob.core.windows.net
nga.blob.core.windows.net
goodreads.blob.core.windows.net
fast.blob.core.windows.net
fastapp.blob.core.windows.net
fastbackup.blob.core.windows.net
fastsql.blob.core.windows.net
porn.blob.core.windows.net
yandex.blob.core.windows.net
hubspot.blob.core.windows.net
google.blob.core.windows.net
xnxx.blob.core.windows.net
googlebackup.blob.core.windows.net
academia.blob.core.windows.net
messenger.blob.core.windows.net
theguardian.blob.core.windows.net
google.blob.core.windows.net
ups.blob.core.windows.net
cambridge.blob.core.windows.net
googlebackup.blob.core.windows.net
wikimedia.blob.core.windows.net
google.blob.core.windows.net
gosuslugi.blob.core.windows.net
discuss.blob.core.windows.net
free.blob.core.windows.net
mailchimp.blob.core.windows.net
mercadolibre.blob.core.windows.net
amazonaws.blob.core.windows.net
whatsapp.blob.core.windows.net
amazon.blob.core.windows.net
bpapp.blob.core.windows.net
goo.blob.core.windows.net
chess.blob.core.windows.net
amazon.blob.core.windows.net
soso.blob.core.windows.net
imgur.blob.core.windows.net
irctc.blob.core.windows.net
wpbackup.blob.core.windows.net
feng.blob.core.windows.net
google.blob.core.windows.net
indiatimes.blob.core.windows.net
nintendo.blob.core.windows.net
google.blob.core.windows.net
googlebackup.blob.core.windows.net
creditkarma.blob.core.windows.net
github.blob.core.windows.net
ask.blob.core.windows.net
rbc.blob.core.windows.net
aolbackup.blob.core.windows.net
att.blob.core.windows.net
bing.blob.core.windows.net
userapi.blob.core.windows.net
reuters.blob.core.windows.net
facebookapp.blob.core.windows.net
icloud.blob.core.windows.net
spectrum.blob.core.windows.net
citi.blob.core.windows.net
cambridgebackup.blob.core.windows.net
lun.blob.core.windows.net
bbc.blob.core.windows.net
googlebackup.blob.core.windows.net
hotels.blob.core.windows.net
nature.blob.core.windows.net
pc6.blob.core.windows.net
uniqlo.blob.core.windows.net
dianping.blob.core.windows.net
reverso.blob.core.windows.net
mibackup.blob.core.windows.net
uploaded.blob.core.windows.net
ptt.blob.core.windows.net
line.blob.core.windows.net
yandex.blob.core.windows.net
genius.blob.core.windows.net
geniusapp.blob.core.windows.net
google.blob.core.windows.net
geniusbackup.blob.core.windows.net
tripadvisor.blob.core.windows.net
mail.blob.core.windows.net
uniqlo.blob.core.windows.net
mobile.blob.core.windows.net
xfinity.blob.core.windows.net
jrj.blob.core.windows.net
oracle.blob.core.windows.net
google.blob.core.windows.net
goapp.blob.core.windows.net
yandex.blob.core.windows.net
godaddy.blob.core.windows.net
techradar.blob.core.windows.net
canva.blob.core.windows.net
payubackup.blob.core.windows.net
tmall.blob.core.windows.net
asus.blob.core.windows.net
google.blob.core.windows.net
adp.blob.core.windows.net
udn.blob.core.windows.net
google.blob.core.windows.net
discover.blob.core.windows.net
discoverapp.blob.core.windows.net
webmd.blob.core.windows.net
stackoverflow.blob.core.windows.net
ubi.blob.core.windows.net
gog.blob.core.windows.net
stackoverflowbackup.blob.core.windows.net
opbkp.blob.core.windows.net
wargaming.blob.core.windows.net
nhk.blob.core.windows.net
twitch.blob.core.windows.net
wishapp.blob.core.windows.net
google.blob.core.windows.net
lefigaro.blob.core.windows.net
amazon.blob.core.windows.net
playstation.blob.core.windows.net
pttbackup.blob.core.windows.net
auto.blob.core.windows.net
autoapp.blob.core.windows.net
autobackup.blob.core.windows.net
samsung.blob.core.windows.net
redfin.blob.core.windows.net
tumblr.blob.core.windows.net
google.blob.core.windows.net
echo.blob.core.windows.net
google.blob.core.windows.net
deltabackup.blob.core.windows.net
googlebackup.blob.core.windows.net
walmart.blob.core.windows.net
playgroundbackup.blob.core.windows.net
amazon.blob.core.windows.net
otto.blob.core.windows.net
gamer.blob.core.windows.net
zoom.blob.core.windows.net
weather.blob.core.windows.net
weatherapp.blob.core.windows.net
popads.blob.core.windows.net
telegram.blob.core.windows.net
amazon.blob.core.windows.net
web.blob.core.windows.net
wordpress.blob.core.windows.net
lowes.blob.core.windows.net
webapp.blob.core.windows.net
archive.blob.core.windows.net
right.blob.core.windows.net
google.blob.core.windows.net
springer.blob.core.windows.net
upwork.blob.core.windows.net
canada.blob.core.windows.net
bloomberg.blob.core.windows.net
ebay.blob.core.windows.net
bpbackup.blob.core.windows.net
onet.blob.core.windows.net
googlebackup.blob.core.windows.net
auction.blob.core.windows.net
auctionapp.blob.core.windows.net
myshopify.blob.core.windows.net
google.blob.core.windows.net
adobe.blob.core.windows.net
amazon.blob.core.windows.net
target.blob.core.windows.net
imdb.blob.core.windows.net
cctv.blob.core.windows.net
amazon.blob.core.windows.net
gmw.blob.core.windows.net
gmwbackup.blob.core.windows.net
ikea.blob.core.windows.net
tapp.blob.core.windows.net
google.blob.core.windows.net
googlebackup.blob.core.windows.net
blizzard.blob.core.windows.net
officeapp.blob.core.windows.net
tapp.blob.core.windows.net
intuit.blob.core.windows.net
google.blob.core.windows.net
dictionary.blob.core.windows.net
realtor.blob.core.windows.net
merdeka.blob.core.windows.net
surveymonkeyapp.blob.core.windows.net
ozon.blob.core.windows.net
mercadolibre.blob.core.windows.net
notifications.blob.core.windows.net
google.blob.core.windows.net
uol.blob.core.windows.net
taboola.blob.core.windows.net
hpbackup.blob.core.windows.net
panda.blob.core.windows.net
google.blob.core.windows.net
wishbackup.blob.core.windows.net
shutterstock.blob.core.windows.net
google.blob.core.windows.net
googlebackup.blob.core.windows.net
mozilla.blob.core.windows.net
mega.blob.core.windows.net
lenovo.blob.core.windows.net
ubibackup.blob.core.windows.net
googledata.blob.core.windows.net
googleproxy.blob.core.windows.net
amazon.blob.core.windows.net
rakuten.blob.core.windows.net
paypal.blob.core.windows.net
githublog.blob.core.windows.net
googlebackup.blob.core.windows.net
appletv.blob.core.windows.net
ebc.blob.core.windows.net
upworkfiles.blob.core.windows.net
marriott.blob.core.windows.net
filesbkp.blob.core.windows.net
filesbackup.blob.core.windows.net
blog.blob.core.windows.net
blogapp.blob.core.windows.net
grid.blob.core.windows.net
orange.blob.core.windows.net
360.blob.core.windows.net
trello.blob.core.windows.net
ign.blob.core.windows.net
wix.blob.core.windows.net
mercadolibre.blob.core.windows.net
360.blob.core.windows.net
megaapp.blob.core.windows.net
google.blob.core.windows.net
bestbuy.blob.core.windows.net
bookmyshow.blob.core.windows.net
spotify.blob.core.windows.net
foodapp.blob.core.windows.net
google.blob.core.windows.net
googlebackup.blob.core.windows.net
rtbackup.blob.core.windows.net
rtsql.blob.core.windows.net
slack.blob.core.windows.net
amazon.blob.core.windows.net
